2026-04-28 20:15:57 | INFO | goshawk_threshold_zone | Log file: C:\Users\mbindl\Documents\GitHub\Monitoring\Wildlife\logs\goshawk_threshold_zone_2026-04-28_201557.log
2026-04-28 20:15:59 | INFO | goshawk_threshold_zone | ============================================================
2026-04-28 20:15:59 | INFO | goshawk_threshold_zone | TRPA Goshawk Threshold Zone
2026-04-28 20:15:59 | INFO | goshawk_threshold_zone | ============================================================
2026-04-28 20:15:59 | INFO | goshawk_threshold_zone | Source GDB:   C:\GIS\Scratch.gdb (read-only)
2026-04-28 20:15:59 | INFO | goshawk_threshold_zone | Output GDB:   C:\GIS\Goshawk_Threshold_Zone.gdb
2026-04-28 20:15:59 | INFO | goshawk_threshold_zone | Nests FC:     nogo_nest_usfs
2026-04-28 20:15:59 | INFO | goshawk_threshold_zone | HIGH habitat: amgo_ecobject_cwhr_habmodel_high
2026-04-28 20:15:59 | INFO | goshawk_threshold_zone | MOD habitat:  amgo_ecobject_cwhr_habmodel_moderate
2026-04-28 20:15:59 | INFO | goshawk_threshold_zone | Veg source:   C:\GIS\TahoeMaps\Tahoe_Data.gdb\Vegetation_Ecobject_2010 (LOW = veg - HIGH - MOD per-nest)
2026-04-28 20:15:59 | INFO | goshawk_threshold_zone | Output FC:    C:\GIS\Goshawk_Threshold_Zone.gdb\TRPA_Goshawk_Threshold_Zone_TEST_FIXES
2026-04-28 20:15:59 | INFO | goshawk_threshold_zone | TEST mode:    OIDs=[6, 51, 75, 86, 99] (label=FIXES)
2026-04-28 20:15:59 | INFO | goshawk_threshold_zone | Target ac:    500.0 | Buffer: 0.25 Miles | min_acres: 0.5 | search: 5 Miles
2026-04-28 20:15:59 | INFO | goshawk_threshold_zone | Close dist:   200 Feet | probe every: 5 picks | homestretch: 50.0 ac
2026-04-28 20:15:59 | INFO | goshawk_threshold_zone | Contiguity:   SHARE_A_LINE_SEGMENT_WITH
2026-04-28 20:15:59 | INFO | goshawk_threshold_zone | Stagnation:   window=5 tol=0.5 ac slow_interval=10 picks
2026-04-28 20:16:03 | INFO | goshawk_threshold_zone | TEST MODE: running 5 specific OID(s): [6, 51, 75, 86, 99]
2026-04-28 20:16:03 | INFO | goshawk_threshold_zone | [1/5] Nest OID 6
2026-04-28 20:16:03 | INFO | goshawk_threshold_zone |   [  0.6s] buffer ok (125.5 ac, need 374.5 more)
2026-04-28 20:16:05 | INFO | goshawk_threshold_zone |   [  2.8s] HIGH habitat filtered to within 5 Miles of nest
2026-04-28 20:16:09 | INFO | goshawk_threshold_zone |   [  6.4s] MOD habitat filtered to within 5 Miles of nest
2026-04-28 20:16:16 | INFO | goshawk_threshold_zone |   [ 13.7s] source veg filtered to within 5 Miles of nest
2026-04-28 20:16:37 | INFO | goshawk_threshold_zone |   [ 34.4s] LOW derived: 45935 polys kept (excluded 45919 HIGH+MOD UIDs)
2026-04-28 20:17:04 | INFO | goshawk_threshold_zone |   [ 61.5s] erased buffer from HIGH habitat
2026-04-28 20:18:09 | INFO | goshawk_threshold_zone |   [126.1s] erased buffer from MOD habitat
2026-04-28 20:19:09 | INFO | goshawk_threshold_zone |   [186.2s] erased buffer from LOW habitat
2026-04-28 20:19:52 | INFO | goshawk_threshold_zone |   [228.9s] acres calculated on habitat (planar)
2026-04-28 20:20:20 | INFO | goshawk_threshold_zone |   [256.9s] near-distance computed
2026-04-28 20:20:20 | INFO | goshawk_threshold_zone |   [257.4s] entering growth loop
2026-04-28 20:20:20 | INFO | goshawk_threshold_zone |   [257.5s] ...1 picks | high=0.9 mod=0.0 low=0.0 projected=125.5 / target=500.0
2026-04-28 20:20:21 | INFO | goshawk_threshold_zone |   [258.7s] ...MOD pick #5: oid=12150 +1.1 ac
2026-04-28 20:20:23 | INFO | goshawk_threshold_zone |   [260.3s] ...probe: projected total = 134.1 ac (target 500.0)
2026-04-28 20:20:26 | INFO | goshawk_threshold_zone |   [263.2s] ...probe: projected total = 143.0 ac (target 500.0)
2026-04-28 20:20:27 | INFO | goshawk_threshold_zone |   [264.1s] ...MOD pick #12: oid=23753 +7.4 ac
2026-04-28 20:20:28 | INFO | goshawk_threshold_zone |   [265.0s] ...MOD pick #13: oid=34737 +0.9 ac
2026-04-28 20:20:28 | INFO | goshawk_threshold_zone |   [265.7s] ...MOD pick #14: oid=12157 +1.5 ac
2026-04-28 20:20:29 | INFO | goshawk_threshold_zone |   [266.6s] ...MOD pick #15: oid=22828 +0.7 ac
2026-04-28 20:20:31 | INFO | goshawk_threshold_zone |   [268.6s] ...probe: projected total = 159.5 ac (target 500.0)
2026-04-28 20:20:32 | INFO | goshawk_threshold_zone |   [269.4s] ...MOD pick #16: oid=12298 +4.8 ac
2026-04-28 20:20:33 | INFO | goshawk_threshold_zone |   [270.3s] ...MOD pick #17: oid=12297 +0.6 ac
2026-04-28 20:20:34 | INFO | goshawk_threshold_zone |   [271.1s] ...MOD pick #18: oid=12279 +1.6 ac
2026-04-28 20:20:35 | INFO | goshawk_threshold_zone |   [272.1s] ...MOD pick #19: oid=12269 +1.8 ac
2026-04-28 20:20:36 | INFO | goshawk_threshold_zone |   [273.0s] ...MOD pick #20: oid=12153 +2.7 ac
2026-04-28 20:20:37 | INFO | goshawk_threshold_zone |   [274.8s] ...probe: projected total = 174.9 ac (target 500.0)
2026-04-28 20:20:38 | INFO | goshawk_threshold_zone |   [275.8s] ...MOD pick #21: oid=12149 +0.6 ac
2026-04-28 20:20:39 | INFO | goshawk_threshold_zone |   [276.7s] ...MOD pick #22: oid=23869 +3.8 ac
2026-04-28 20:20:40 | INFO | goshawk_threshold_zone |   [277.8s] ...MOD pick #23: oid=12151 +2.4 ac
2026-04-28 20:20:42 | INFO | goshawk_threshold_zone |   [279.5s] ...LOW pick #24: oid=38518 +1.4 ac
2026-04-28 20:20:44 | INFO | goshawk_threshold_zone |   [281.2s] ...LOW pick #25: oid=17921 +1.6 ac
2026-04-28 20:20:46 | INFO | goshawk_threshold_zone |   [283.1s] ...probe: projected total = 190.0 ac (target 500.0)
2026-04-28 20:20:49 | INFO | goshawk_threshold_zone |   [286.1s] ...MOD pick #30: oid=12137 +0.9 ac
2026-04-28 20:20:51 | INFO | goshawk_threshold_zone |   [288.1s] ...probe: projected total = 200.9 ac (target 500.0)
2026-04-28 20:20:53 | INFO | goshawk_threshold_zone |   [290.1s] ...LOW pick #31: oid=18072 +1.4 ac
2026-04-28 20:20:55 | INFO | goshawk_threshold_zone |   [292.0s] ...LOW pick #32: oid=38546 +1.3 ac
2026-04-28 20:20:57 | INFO | goshawk_threshold_zone |   [293.9s] ...LOW pick #33: oid=38517 +0.6 ac
2026-04-28 20:20:58 | INFO | goshawk_threshold_zone |   [295.9s] ...LOW pick #34: oid=36507 +1.6 ac
2026-04-28 20:21:01 | INFO | goshawk_threshold_zone |   [298.6s] ...LOW pick #35: oid=19335 +0.6 ac
2026-04-28 20:21:03 | INFO | goshawk_threshold_zone |   [300.7s] ...probe: projected total = 209.0 ac (target 500.0)
2026-04-28 20:21:05 | INFO | goshawk_threshold_zone |   [302.6s] ...LOW pick #36: oid=18762 +1.1 ac
2026-04-28 20:21:07 | INFO | goshawk_threshold_zone |   [304.6s] ...LOW pick #37: oid=36446 +0.5 ac
2026-04-28 20:21:09 | INFO | goshawk_threshold_zone |   [306.6s] ...LOW pick #38: oid=45487 +1.0 ac
2026-04-28 20:21:11 | INFO | goshawk_threshold_zone |   [308.5s] ...LOW pick #39: oid=38524 +0.7 ac
2026-04-28 20:21:13 | INFO | goshawk_threshold_zone |   [310.4s] ...LOW pick #40: oid=38536 +0.7 ac
2026-04-28 20:21:15 | INFO | goshawk_threshold_zone |   [312.2s] ...probe: projected total = 217.5 ac (target 500.0)
2026-04-28 20:21:17 | INFO | goshawk_threshold_zone |   [314.1s] ...LOW pick #41: oid=19197 +1.0 ac
2026-04-28 20:21:19 | INFO | goshawk_threshold_zone |   [316.1s] ...LOW pick #42: oid=19189 +0.5 ac
2026-04-28 20:21:21 | INFO | goshawk_threshold_zone |   [318.0s] ...LOW pick #43: oid=18063 +0.8 ac
2026-04-28 20:21:22 | INFO | goshawk_threshold_zone |   [319.7s] ...LOW pick #44: oid=17957 +1.0 ac
2026-04-28 20:21:24 | INFO | goshawk_threshold_zone |   [321.7s] growth done: 44 picks, finalizing geometry
2026-04-28 20:21:28 | INFO | goshawk_threshold_zone |   Buffer: 125.52 | High(add): 13.33 | Mod(add): 30.81 | Low(add): 15.88 | Filled: 35.47 | Total: 221.00 | 323.3s  WARNING: Could not reach target acres contiguously.
2026-04-28 20:21:28 | INFO | goshawk_threshold_zone | [2/5] Nest OID 51
2026-04-28 20:21:28 | INFO | goshawk_threshold_zone |   [  0.7s] buffer ok (125.5 ac, need 374.5 more)
2026-04-28 20:21:34 | INFO | goshawk_threshold_zone |   [  6.7s] HIGH habitat filtered to within 5 Miles of nest
2026-04-28 20:21:45 | INFO | goshawk_threshold_zone |   [ 17.2s] MOD habitat filtered to within 5 Miles of nest
2026-04-28 20:22:23 | INFO | goshawk_threshold_zone |   [ 54.8s] source veg filtered to within 5 Miles of nest
2026-04-28 20:23:27 | INFO | goshawk_threshold_zone |   [119.5s] LOW derived: 33841 polys kept (excluded 53942 HIGH+MOD UIDs)
2026-04-28 20:24:14 | INFO | goshawk_threshold_zone |   [165.8s] erased buffer from HIGH habitat
2026-04-28 20:25:21 | INFO | goshawk_threshold_zone |   [233.7s] erased buffer from MOD habitat
2026-04-28 20:26:09 | INFO | goshawk_threshold_zone |   [281.6s] erased buffer from LOW habitat
2026-04-28 20:27:20 | INFO | goshawk_threshold_zone |   [352.2s] acres calculated on habitat (planar)
2026-04-28 20:28:00 | INFO | goshawk_threshold_zone |   [392.3s] near-distance computed
2026-04-28 20:28:01 | INFO | goshawk_threshold_zone |   [392.9s] entering growth loop
2026-04-28 20:28:01 | INFO | goshawk_threshold_zone |   [393.7s] ...MOD pick #1: oid=36025 +10.8 ac
2026-04-28 20:28:03 | INFO | goshawk_threshold_zone |   [394.8s] ...MOD pick #2: oid=52832 +0.6 ac
2026-04-28 20:28:04 | INFO | goshawk_threshold_zone |   [395.9s] ...MOD pick #3: oid=8146 +1.3 ac
2026-04-28 20:28:05 | INFO | goshawk_threshold_zone |   [397.0s] ...MOD pick #4: oid=52806 +2.8 ac
2026-04-28 20:28:06 | INFO | goshawk_threshold_zone |   [398.4s] ...MOD pick #5: oid=38997 +4.8 ac
2026-04-28 20:28:08 | INFO | goshawk_threshold_zone |   [400.8s] ...probe: projected total = 157.4 ac (target 500.0)
2026-04-28 20:28:10 | INFO | goshawk_threshold_zone |   [402.3s] ...MOD pick #6: oid=35970 +0.6 ac
2026-04-28 20:28:12 | INFO | goshawk_threshold_zone |   [404.0s] ...MOD pick #7: oid=39483 +0.6 ac
2026-04-28 20:28:13 | INFO | goshawk_threshold_zone |   [405.5s] ...MOD pick #8: oid=52833 +1.6 ac
2026-04-28 20:28:15 | INFO | goshawk_threshold_zone |   [407.0s] ...MOD pick #9: oid=19591 +0.9 ac
2026-04-28 20:28:16 | INFO | goshawk_threshold_zone |   [408.4s] ...MOD pick #10: oid=19473 +1.7 ac
2026-04-28 20:28:18 | INFO | goshawk_threshold_zone |   [410.7s] ...probe: projected total = 165.5 ac (target 500.0)
2026-04-28 20:28:20 | INFO | goshawk_threshold_zone |   [412.1s] ...MOD pick #11: oid=19940 +0.6 ac
2026-04-28 20:28:21 | INFO | goshawk_threshold_zone |   [413.4s] ...MOD pick #12: oid=35789 +0.8 ac
2026-04-28 20:28:23 | INFO | goshawk_threshold_zone |   [414.9s] ...MOD pick #13: oid=35629 +0.6 ac
2026-04-28 20:28:24 | INFO | goshawk_threshold_zone |   [416.5s] ...MOD pick #14: oid=39008 +0.8 ac
2026-04-28 20:28:26 | INFO | goshawk_threshold_zone |   [417.9s] ...MOD pick #15: oid=39025 +3.5 ac
2026-04-28 20:28:28 | INFO | goshawk_threshold_zone |   [420.2s] ...probe: projected total = 174.9 ac (target 500.0)
2026-04-28 20:28:29 | INFO | goshawk_threshold_zone |   [421.8s] ...MOD pick #16: oid=39494 +5.1 ac
2026-04-28 20:28:31 | INFO | goshawk_threshold_zone |   [423.4s] ...MOD pick #17: oid=38995 +0.8 ac
2026-04-28 20:28:33 | INFO | goshawk_threshold_zone |   [425.2s] ...MOD pick #18: oid=39492 +6.6 ac
2026-04-28 20:28:35 | INFO | goshawk_threshold_zone |   [427.0s] ...MOD pick #19: oid=38981 +2.7 ac
2026-04-28 20:28:36 | INFO | goshawk_threshold_zone |   [428.6s] ...MOD pick #20: oid=39474 +0.8 ac
2026-04-28 20:28:39 | INFO | goshawk_threshold_zone |   [431.6s] ...probe: projected total = 197.9 ac (target 500.0)
2026-04-28 20:28:41 | INFO | goshawk_threshold_zone |   [433.5s] ...MOD pick #21: oid=39131 +3.2 ac
2026-04-28 20:28:43 | INFO | goshawk_threshold_zone |   [435.4s] ...MOD pick #22: oid=39479 +0.8 ac
2026-04-28 20:28:45 | INFO | goshawk_threshold_zone |   [437.3s] ...MOD pick #23: oid=39003 +1.2 ac
2026-04-28 20:28:47 | INFO | goshawk_threshold_zone |   [439.3s] ...MOD pick #24: oid=39502 +1.0 ac
2026-04-28 20:28:49 | INFO | goshawk_threshold_zone |   [441.2s] ...MOD pick #25: oid=39022 +0.5 ac
2026-04-28 20:28:52 | INFO | goshawk_threshold_zone |   [443.9s] ...probe: projected total = 204.5 ac (target 500.0)
2026-04-28 20:28:54 | INFO | goshawk_threshold_zone |   [445.8s] ...MOD pick #26: oid=39115 +3.2 ac
2026-04-28 20:28:56 | INFO | goshawk_threshold_zone |   [447.9s] ...MOD pick #27: oid=39507 +1.1 ac
2026-04-28 20:28:58 | INFO | goshawk_threshold_zone |   [450.2s] ...MOD pick #28: oid=39506 +0.6 ac
2026-04-28 20:29:00 | INFO | goshawk_threshold_zone |   [452.6s] ...MOD pick #29: oid=39151 +0.7 ac
2026-04-28 20:29:03 | INFO | goshawk_threshold_zone |   [454.9s] ...MOD pick #30: oid=39162 +0.5 ac
2026-04-28 20:29:05 | INFO | goshawk_threshold_zone |   [457.7s] ...probe: projected total = 213.4 ac (target 500.0)
2026-04-28 20:29:08 | INFO | goshawk_threshold_zone |   [460.0s] ...MOD pick #31: oid=39155 +1.4 ac
2026-04-28 20:29:10 | INFO | goshawk_threshold_zone |   [462.0s] ...MOD pick #32: oid=39509 +0.6 ac
2026-04-28 20:29:12 | INFO | goshawk_threshold_zone |   [464.2s] ...MOD pick #33: oid=39167 +0.9 ac
2026-04-28 20:29:15 | INFO | goshawk_threshold_zone |   [467.8s] ...LOW pick #34: oid=29432 +0.8 ac
2026-04-28 20:29:19 | INFO | goshawk_threshold_zone |   [471.4s] ...LOW pick #35: oid=28627 +0.7 ac
2026-04-28 20:29:22 | INFO | goshawk_threshold_zone |   [474.1s] ...probe: projected total = 222.0 ac (target 500.0)
2026-04-28 20:29:25 | INFO | goshawk_threshold_zone |   [477.7s] ...LOW pick #36: oid=33618 +0.9 ac
2026-04-28 20:29:29 | INFO | goshawk_threshold_zone |   [481.5s] ...LOW pick #37: oid=33492 +3.8 ac
2026-04-28 20:29:31 | INFO | goshawk_threshold_zone |   [483.6s] ...MOD pick #38: oid=8057 +2.0 ac
2026-04-28 20:29:34 | INFO | goshawk_threshold_zone |   [486.2s] ...MOD pick #39: oid=8045 +2.5 ac
2026-04-28 20:29:36 | INFO | goshawk_threshold_zone |   [488.4s] ...MOD pick #40: oid=8033 +0.7 ac
2026-04-28 20:29:39 | INFO | goshawk_threshold_zone |   [491.1s] ...probe: projected total = 235.1 ac (target 500.0)
2026-04-28 20:29:43 | INFO | goshawk_threshold_zone |   [495.2s] ...LOW pick #41: oid=10663 +0.6 ac
2026-04-28 20:29:47 | INFO | goshawk_threshold_zone |   [499.6s] ...LOW pick #42: oid=29027 +0.8 ac
2026-04-28 20:29:50 | INFO | goshawk_threshold_zone |   [501.8s] ...MOD pick #43: oid=39019 +0.7 ac
2026-04-28 20:29:54 | INFO | goshawk_threshold_zone |   [506.1s] ...LOW pick #44: oid=4136 +0.5 ac
2026-04-28 20:29:59 | INFO | goshawk_threshold_zone |   [510.8s] ...LOW pick #45: oid=4216 +0.8 ac
2026-04-28 20:30:02 | INFO | goshawk_threshold_zone |   [514.1s] ...probe: projected total = 242.6 ac (target 500.0)
2026-04-28 20:30:04 | INFO | goshawk_threshold_zone |   [516.5s] ...MOD pick #46: oid=8102 +2.5 ac
2026-04-28 20:30:07 | INFO | goshawk_threshold_zone |   [518.9s] ...MOD pick #47: oid=7890 +0.7 ac
2026-04-28 20:30:09 | INFO | goshawk_threshold_zone |   [521.2s] ...MOD pick #48: oid=8088 +3.6 ac
2026-04-28 20:30:14 | INFO | goshawk_threshold_zone |   [526.4s] ...LOW pick #49: oid=10789 +0.5 ac
2026-04-28 20:30:20 | INFO | goshawk_threshold_zone |   [531.9s] ...LOW pick #50: oid=10659 +0.5 ac
2026-04-28 20:30:23 | INFO | goshawk_threshold_zone |   [535.5s] ...probe: projected total = 255.9 ac (target 500.0)
2026-04-28 20:30:29 | INFO | goshawk_threshold_zone |   [541.4s] ...LOW pick #51: oid=33254 +0.8 ac
2026-04-28 20:30:32 | INFO | goshawk_threshold_zone |   [544.3s] ...MOD pick #52: oid=52892 +0.7 ac
2026-04-28 20:30:36 | INFO | goshawk_threshold_zone |   [548.7s] ...LOW pick #53: oid=33496 +13.9 ac
2026-04-28 20:30:41 | INFO | goshawk_threshold_zone |   [553.0s] ...probe: projected total = 302.1 ac (target 500.0)
2026-04-28 20:30:45 | INFO | goshawk_threshold_zone |   [557.3s] ...MOD pick #57: oid=8150 +9.6 ac
2026-04-28 20:30:49 | INFO | goshawk_threshold_zone |   [561.0s] ...MOD pick #58: oid=7924 +1.0 ac
2026-04-28 20:30:53 | INFO | goshawk_threshold_zone |   [564.9s] ...MOD pick #59: oid=36246 +0.8 ac
2026-04-28 20:30:56 | INFO | goshawk_threshold_zone |   [568.8s] ...MOD pick #60: oid=36050 +0.6 ac
2026-04-28 20:31:01 | INFO | goshawk_threshold_zone |   [573.5s] ...probe: projected total = 326.8 ac (target 500.0)
2026-04-28 20:31:06 | INFO | goshawk_threshold_zone |   [577.8s] ...MOD pick #61: oid=52936 +1.1 ac
2026-04-28 20:31:10 | INFO | goshawk_threshold_zone |   [581.9s] ...MOD pick #62: oid=52890 +0.8 ac
2026-04-28 20:31:13 | INFO | goshawk_threshold_zone |   [585.6s] ...MOD pick #63: oid=52937 +22.4 ac
2026-04-28 20:31:18 | INFO | goshawk_threshold_zone |   [590.6s] ...MOD pick #64: oid=35693 +2.5 ac
2026-04-28 20:31:24 | INFO | goshawk_threshold_zone |   [595.8s] ...probe: projected total = 367.7 ac (target 500.0)
2026-04-28 20:31:29 | INFO | goshawk_threshold_zone |   [601.2s] ...MOD pick #66: oid=44452 +0.7 ac
2026-04-28 20:31:34 | INFO | goshawk_threshold_zone |   [606.2s] ...MOD pick #67: oid=35859 +1.8 ac
2026-04-28 20:31:39 | INFO | goshawk_threshold_zone |   [611.3s] ...MOD pick #68: oid=36051 +4.5 ac
2026-04-28 20:31:45 | INFO | goshawk_threshold_zone |   [617.5s] ...MOD pick #70: oid=35686 +2.1 ac
2026-04-28 20:31:49 | INFO | goshawk_threshold_zone |   [621.7s] ...probe: projected total = 383.3 ac (target 500.0)
2026-04-28 20:31:56 | INFO | goshawk_threshold_zone |   [627.8s] ...MOD pick #71: oid=36248 +0.6 ac
2026-04-28 20:32:02 | INFO | goshawk_threshold_zone |   [634.3s] ...MOD pick #72: oid=35682 +0.8 ac
2026-04-28 20:32:08 | INFO | goshawk_threshold_zone |   [640.7s] ...MOD pick #73: oid=35631 +0.9 ac
2026-04-28 20:32:15 | INFO | goshawk_threshold_zone |   [647.0s] ...MOD pick #74: oid=37835 +1.2 ac
2026-04-28 20:32:20 | INFO | goshawk_threshold_zone |   [652.2s] ...MOD pick #75: oid=36276 +1.0 ac
2026-04-28 20:32:24 | INFO | goshawk_threshold_zone |   [656.5s] ...probe: projected total = 389.1 ac (target 500.0)
2026-04-28 20:32:29 | INFO | goshawk_threshold_zone |   [661.3s] ...MOD pick #76: oid=37845 +14.5 ac
2026-04-28 20:32:34 | INFO | goshawk_threshold_zone |   [666.6s] ...MOD pick #77: oid=35861 +3.4 ac
2026-04-28 20:32:42 | INFO | goshawk_threshold_zone |   [674.0s] ...MOD pick #79: oid=36052 +2.4 ac
2026-04-28 20:32:48 | INFO | goshawk_threshold_zone |   [680.1s] ...MOD pick #80: oid=35839 +1.1 ac
2026-04-28 20:32:53 | INFO | goshawk_threshold_zone |   [685.6s] ...probe: projected total = 424.8 ac (target 500.0)
2026-04-28 20:32:59 | INFO | goshawk_threshold_zone |   [691.6s] ...MOD pick #81: oid=35916 +0.7 ac
2026-04-28 20:33:05 | INFO | goshawk_threshold_zone |   [697.8s] ...MOD pick #82: oid=37838 +0.9 ac
2026-04-28 20:33:13 | INFO | goshawk_threshold_zone |   [704.8s] ...MOD pick #83: oid=37839 +5.1 ac
2026-04-28 20:33:18 | INFO | goshawk_threshold_zone |   [710.3s] ...MOD pick #84: oid=36840 +4.1 ac
2026-04-28 20:33:24 | INFO | goshawk_threshold_zone |   [716.5s] ...MOD pick #85: oid=36629 +0.9 ac
2026-04-28 20:33:29 | INFO | goshawk_threshold_zone |   [721.2s] ...probe: projected total = 442.4 ac (target 500.0)
2026-04-28 20:33:35 | INFO | goshawk_threshold_zone |   [726.8s] ...MOD pick #86: oid=35612 +0.5 ac
2026-04-28 20:33:40 | INFO | goshawk_threshold_zone |   [732.4s] ...MOD pick #87: oid=36277 +0.9 ac
2026-04-28 20:33:46 | INFO | goshawk_threshold_zone |   [738.0s] ...MOD pick #88: oid=37826 +2.4 ac
2026-04-28 20:33:53 | INFO | goshawk_threshold_zone |   [745.6s] ...probe: projected total = 453.9 ac (target 500.0)
2026-04-28 20:34:05 | INFO | goshawk_threshold_zone |   [757.3s] ...probe: projected total = 459.7 ac (target 500.0)
2026-04-28 20:34:13 | INFO | goshawk_threshold_zone |   [765.0s] ...100 picks | high=58.3 mod=166.3 low=24.8 projected=459.7 / target=500.0
2026-04-28 20:34:17 | INFO | goshawk_threshold_zone |   [769.6s] ...probe: projected total = 511.0 ac (target 500.0)
2026-04-28 20:34:17 | INFO | goshawk_threshold_zone |   [769.6s] growth done: 100 picks, finalizing geometry
2026-04-28 20:34:25 | INFO | goshawk_threshold_zone |   Buffer: 125.54 | High(add): 58.30 | Mod(add): 166.34 | Low(add): 24.82 | Filled: 135.97 | Total: 510.98 | 774.2s
2026-04-28 20:34:25 | INFO | goshawk_threshold_zone | [3/5] Nest OID 75
2026-04-28 20:34:25 | INFO | goshawk_threshold_zone |   [  1.0s] buffer ok (125.5 ac, need 374.5 more)
2026-04-28 20:34:31 | INFO | goshawk_threshold_zone |   [  6.3s] HIGH habitat filtered to within 5 Miles of nest
2026-04-28 20:34:41 | INFO | goshawk_threshold_zone |   [ 16.4s] MOD habitat filtered to within 5 Miles of nest
2026-04-28 20:35:07 | INFO | goshawk_threshold_zone |   [ 42.4s] source veg filtered to within 5 Miles of nest
2026-04-28 20:36:03 | INFO | goshawk_threshold_zone |   [ 98.6s] LOW derived: 46599 polys kept (excluded 46393 HIGH+MOD UIDs)
2026-04-28 20:36:52 | INFO | goshawk_threshold_zone |   [147.6s] erased buffer from HIGH habitat
2026-04-28 20:38:33 | INFO | goshawk_threshold_zone |   [248.2s] erased buffer from MOD habitat
2026-04-28 20:40:29 | INFO | goshawk_threshold_zone |   [364.3s] erased buffer from LOW habitat
2026-04-28 20:41:39 | INFO | goshawk_threshold_zone |   [434.3s] acres calculated on habitat (planar)
2026-04-28 20:42:11 | INFO | goshawk_threshold_zone |   [466.8s] near-distance computed
2026-04-28 20:42:12 | INFO | goshawk_threshold_zone |   [467.2s] entering growth loop
2026-04-28 20:42:12 | INFO | goshawk_threshold_zone |   [467.7s] ...MOD pick #1: oid=35166 +1.9 ac
2026-04-28 20:42:13 | INFO | goshawk_threshold_zone |   [468.3s] ...MOD pick #2: oid=24363 +14.3 ac
2026-04-28 20:42:16 | INFO | goshawk_threshold_zone |   [471.2s] ...probe: projected total = 152.4 ac (target 500.0)
2026-04-28 20:42:17 | INFO | goshawk_threshold_zone |   [472.1s] ...MOD pick #6: oid=12974 +1.1 ac
2026-04-28 20:42:17 | INFO | goshawk_threshold_zone |   [472.9s] ...MOD pick #7: oid=24364 +10.7 ac
2026-04-28 20:42:18 | INFO | goshawk_threshold_zone |   [474.0s] ...MOD pick #8: oid=23419 +0.7 ac
2026-04-28 20:42:20 | INFO | goshawk_threshold_zone |   [475.1s] ...MOD pick #9: oid=24480 +3.8 ac
2026-04-28 20:42:21 | INFO | goshawk_threshold_zone |   [476.9s] ...LOW pick #10: oid=36110 +1.6 ac
2026-04-28 20:42:24 | INFO | goshawk_threshold_zone |   [479.4s] ...probe: projected total = 179.4 ac (target 500.0)
2026-04-28 20:42:26 | INFO | goshawk_threshold_zone |   [481.2s] ...LOW pick #11: oid=22599 +0.6 ac
2026-04-28 20:42:28 | INFO | goshawk_threshold_zone |   [483.0s] ...LOW pick #12: oid=35852 +0.9 ac
2026-04-28 20:42:29 | INFO | goshawk_threshold_zone |   [484.8s] ...LOW pick #13: oid=21751 +0.9 ac
2026-04-28 20:42:31 | INFO | goshawk_threshold_zone |   [486.6s] ...LOW pick #14: oid=35850 +1.1 ac
2026-04-28 20:42:33 | INFO | goshawk_threshold_zone |   [488.5s] ...LOW pick #15: oid=35876 +1.3 ac
2026-04-28 20:42:35 | INFO | goshawk_threshold_zone |   [490.7s] ...probe: projected total = 189.0 ac (target 500.0)
2026-04-28 20:42:37 | INFO | goshawk_threshold_zone |   [492.6s] ...LOW pick #16: oid=22469 +0.6 ac
2026-04-28 20:42:39 | INFO | goshawk_threshold_zone |   [494.5s] ...LOW pick #17: oid=35857 +0.7 ac
2026-04-28 20:42:41 | INFO | goshawk_threshold_zone |   [496.4s] ...LOW pick #18: oid=35710 +0.6 ac
2026-04-28 20:42:43 | INFO | goshawk_threshold_zone |   [498.3s] ...LOW pick #19: oid=35944 +1.3 ac
2026-04-28 20:42:45 | INFO | goshawk_threshold_zone |   [500.2s] ...LOW pick #20: oid=35690 +4.7 ac
2026-04-28 20:42:47 | INFO | goshawk_threshold_zone |   [502.5s] ...probe: projected total = 209.1 ac (target 500.0)
2026-04-28 20:42:49 | INFO | goshawk_threshold_zone |   [504.6s] ...LOW pick #21: oid=46095 +0.5 ac
2026-04-28 20:42:51 | INFO | goshawk_threshold_zone |   [506.7s] ...LOW pick #22: oid=46098 +0.6 ac
2026-04-28 20:42:53 | INFO | goshawk_threshold_zone |   [508.8s] ...LOW pick #23: oid=35607 +1.0 ac
2026-04-28 20:42:55 | INFO | goshawk_threshold_zone |   [510.8s] ...LOW pick #24: oid=35878 +0.8 ac
2026-04-28 20:42:57 | INFO | goshawk_threshold_zone |   [513.0s] ...LOW pick #25: oid=36001 +0.7 ac
2026-04-28 20:43:00 | INFO | goshawk_threshold_zone |   [515.3s] ...probe: projected total = 216.9 ac (target 500.0)
2026-04-28 20:43:02 | INFO | goshawk_threshold_zone |   [517.4s] ...LOW pick #26: oid=35679 +3.4 ac
2026-04-28 20:43:04 | INFO | goshawk_threshold_zone |   [519.5s] ...LOW pick #27: oid=35779 +0.9 ac
2026-04-28 20:43:06 | INFO | goshawk_threshold_zone |   [521.6s] ...LOW pick #28: oid=35713 +1.2 ac
2026-04-28 20:43:08 | INFO | goshawk_threshold_zone |   [523.6s] ...LOW pick #29: oid=35763 +0.5 ac
2026-04-28 20:43:10 | INFO | goshawk_threshold_zone |   [525.8s] ...LOW pick #30: oid=35647 +0.5 ac
2026-04-28 20:43:13 | INFO | goshawk_threshold_zone |   [528.1s] ...probe: projected total = 229.7 ac (target 500.0)
2026-04-28 20:43:15 | INFO | goshawk_threshold_zone |   [530.5s] ...LOW pick #31: oid=35655 +0.8 ac
2026-04-28 20:43:18 | INFO | goshawk_threshold_zone |   [533.1s] ...LOW pick #32: oid=35699 +0.7 ac
2026-04-28 20:43:20 | INFO | goshawk_threshold_zone |   [535.6s] ...LOW pick #33: oid=35970 +0.5 ac
2026-04-28 20:43:22 | INFO | goshawk_threshold_zone |   [538.0s] ...LOW pick #34: oid=36015 +0.8 ac
2026-04-28 20:43:25 | INFO | goshawk_threshold_zone |   [540.4s] ...LOW pick #35: oid=35881 +0.5 ac
2026-04-28 20:43:28 | INFO | goshawk_threshold_zone |   [543.5s] ...probe: projected total = 238.2 ac (target 500.0)
2026-04-28 20:43:30 | INFO | goshawk_threshold_zone |   [545.9s] ...LOW pick #36: oid=36047 +0.6 ac
2026-04-28 20:43:33 | INFO | goshawk_threshold_zone |   [548.4s] ...LOW pick #37: oid=36122 +1.2 ac
2026-04-28 20:43:35 | INFO | goshawk_threshold_zone |   [550.8s] ...LOW pick #38: oid=36129 +0.8 ac
2026-04-28 20:43:38 | INFO | goshawk_threshold_zone |   [553.5s] ...LOW pick #39: oid=36019 +2.5 ac
2026-04-28 20:43:40 | INFO | goshawk_threshold_zone |   [556.0s] ...LOW pick #40: oid=35971 +0.8 ac
2026-04-28 20:43:43 | INFO | goshawk_threshold_zone |   [558.8s] ...probe: projected total = 268.5 ac (target 500.0)
2026-04-28 20:43:46 | INFO | goshawk_threshold_zone |   [561.3s] ...LOW pick #41: oid=36118 +0.5 ac
2026-04-28 20:43:49 | INFO | goshawk_threshold_zone |   [564.0s] ...LOW pick #42: oid=35975 +0.8 ac
2026-04-28 20:43:51 | INFO | goshawk_threshold_zone |   [566.5s] ...LOW pick #43: oid=36059 +0.9 ac
2026-04-28 20:43:53 | INFO | goshawk_threshold_zone |   [568.9s] ...LOW pick #44: oid=36240 +0.5 ac
2026-04-28 20:43:56 | INFO | goshawk_threshold_zone |   [571.4s] ...LOW pick #45: oid=35866 +0.7 ac
2026-04-28 20:43:59 | INFO | goshawk_threshold_zone |   [574.1s] ...probe: projected total = 271.4 ac (target 500.0)
2026-04-28 20:44:01 | INFO | goshawk_threshold_zone |   [576.7s] growth done: 45 picks, finalizing geometry
2026-04-28 20:44:06 | INFO | goshawk_threshold_zone |   Buffer: 125.53 | High(add): 3.40 | Mod(add): 32.47 | Low(add): 37.06 | Filled: 72.93 | Total: 271.39 | 579.1s  WARNING: Could not reach target acres contiguously.
2026-04-28 20:44:06 | INFO | goshawk_threshold_zone | [4/5] Nest OID 86
2026-04-28 20:44:07 | INFO | goshawk_threshold_zone |   [  1.0s] buffer ok (125.5 ac, need 374.5 more)
2026-04-28 20:44:13 | INFO | goshawk_threshold_zone |   [  6.9s] HIGH habitat filtered to within 5 Miles of nest
2026-04-28 20:44:20 | INFO | goshawk_threshold_zone |   [ 13.8s] MOD habitat filtered to within 5 Miles of nest
2026-04-28 20:44:39 | INFO | goshawk_threshold_zone |   [ 32.5s] source veg filtered to within 5 Miles of nest
2026-04-28 20:45:13 | INFO | goshawk_threshold_zone |   [ 67.2s] LOW derived: 23360 polys kept (excluded 30863 HIGH+MOD UIDs)
2026-04-28 20:45:50 | INFO | goshawk_threshold_zone |   [103.9s] erased buffer from HIGH habitat
2026-04-28 20:46:45 | INFO | goshawk_threshold_zone |   [158.9s] erased buffer from MOD habitat
2026-04-28 20:48:03 | INFO | goshawk_threshold_zone |   [236.6s] erased buffer from LOW habitat
2026-04-28 20:48:47 | INFO | goshawk_threshold_zone |   [281.0s] acres calculated on habitat (planar)
2026-04-28 20:49:09 | INFO | goshawk_threshold_zone |   [302.7s] near-distance computed
2026-04-28 20:49:09 | INFO | goshawk_threshold_zone |   [303.1s] entering growth loop
2026-04-28 20:49:10 | INFO | goshawk_threshold_zone |   [303.6s] ...1 picks | high=34.1 mod=0.0 low=0.0 projected=125.5 / target=500.0
2026-04-28 20:49:15 | INFO | goshawk_threshold_zone |   [308.8s] ...probe: projected total = 187.3 ac (target 500.0)
2026-04-28 20:49:18 | INFO | goshawk_threshold_zone |   [311.5s] ...MOD pick #7: oid=20319 +1.2 ac
2026-04-28 20:49:19 | INFO | goshawk_threshold_zone |   [313.3s] ...MOD pick #8: oid=19455 +1.2 ac
2026-04-28 20:49:21 | INFO | goshawk_threshold_zone |   [315.1s] ...MOD pick #9: oid=19436 +1.0 ac
2026-04-28 20:49:25 | INFO | goshawk_threshold_zone |   [318.9s] ...probe: projected total = 203.2 ac (target 500.0)
2026-04-28 20:49:27 | INFO | goshawk_threshold_zone |   [321.1s] ...MOD pick #11: oid=21367 +0.6 ac
2026-04-28 20:49:29 | INFO | goshawk_threshold_zone |   [323.3s] ...MOD pick #12: oid=22041 +0.9 ac
2026-04-28 20:49:31 | INFO | goshawk_threshold_zone |   [325.2s] ...MOD pick #13: oid=19418 +1.6 ac
2026-04-28 20:49:33 | INFO | goshawk_threshold_zone |   [327.3s] ...MOD pick #14: oid=19656 +0.5 ac
2026-04-28 20:49:35 | INFO | goshawk_threshold_zone |   [329.3s] ...MOD pick #15: oid=20312 +0.7 ac
2026-04-28 20:49:38 | INFO | goshawk_threshold_zone |   [331.7s] ...probe: projected total = 209.0 ac (target 500.0)
2026-04-28 20:49:40 | INFO | goshawk_threshold_zone |   [333.7s] ...MOD pick #16: oid=20372 +0.5 ac
2026-04-28 20:49:42 | INFO | goshawk_threshold_zone |   [335.6s] ...MOD pick #17: oid=19663 +3.0 ac
2026-04-28 20:49:44 | INFO | goshawk_threshold_zone |   [337.6s] ...MOD pick #18: oid=22042 +2.7 ac
2026-04-28 20:49:47 | INFO | goshawk_threshold_zone |   [340.5s] ...MOD pick #20: oid=20373 +3.9 ac
2026-04-28 20:49:50 | INFO | goshawk_threshold_zone |   [343.4s] ...probe: projected total = 227.6 ac (target 500.0)
2026-04-28 20:49:55 | INFO | goshawk_threshold_zone |   [348.4s] ...25 picks | high=54.2 mod=17.9 low=0.0 projected=227.6 / target=500.0
2026-04-28 20:49:57 | INFO | goshawk_threshold_zone |   [351.3s] ...probe: projected total = 239.3 ac (target 500.0)
2026-04-28 20:50:00 | INFO | goshawk_threshold_zone |   [354.2s] ...MOD pick #26: oid=19425 +3.5 ac
2026-04-28 20:50:03 | INFO | goshawk_threshold_zone |   [357.3s] ...MOD pick #27: oid=20380 +1.1 ac
2026-04-28 20:50:06 | INFO | goshawk_threshold_zone |   [359.6s] ...MOD pick #28: oid=19402 +1.0 ac
2026-04-28 20:50:08 | INFO | goshawk_threshold_zone |   [362.0s] ...MOD pick #29: oid=19470 +0.6 ac
2026-04-28 20:50:10 | INFO | goshawk_threshold_zone |   [364.2s] ...MOD pick #30: oid=22048 +1.0 ac
2026-04-28 20:50:13 | INFO | goshawk_threshold_zone |   [367.3s] ...probe: projected total = 250.1 ac (target 500.0)
2026-04-28 20:50:16 | INFO | goshawk_threshold_zone |   [369.6s] ...MOD pick #31: oid=22097 +0.7 ac
2026-04-28 20:50:18 | INFO | goshawk_threshold_zone |   [372.1s] ...MOD pick #32: oid=22049 +3.4 ac
2026-04-28 20:50:21 | INFO | goshawk_threshold_zone |   [374.4s] ...MOD pick #33: oid=20377 +0.5 ac
2026-04-28 20:50:23 | INFO | goshawk_threshold_zone |   [376.8s] ...MOD pick #34: oid=19399 +1.1 ac
2026-04-28 20:50:25 | INFO | goshawk_threshold_zone |   [379.3s] ...MOD pick #35: oid=20282 +1.2 ac
2026-04-28 20:50:28 | INFO | goshawk_threshold_zone |   [382.3s] ...probe: projected total = 261.6 ac (target 500.0)
2026-04-28 20:50:31 | INFO | goshawk_threshold_zone |   [384.8s] ...MOD pick #36: oid=20293 +2.2 ac
2026-04-28 20:50:35 | INFO | goshawk_threshold_zone |   [388.6s] ...MOD pick #38: oid=19389 +1.1 ac
2026-04-28 20:50:37 | INFO | goshawk_threshold_zone |   [391.1s] ...MOD pick #39: oid=19397 +2.5 ac
2026-04-28 20:50:40 | INFO | goshawk_threshold_zone |   [394.2s] ...MOD pick #40: oid=19385 +0.8 ac
2026-04-28 20:50:43 | INFO | goshawk_threshold_zone |   [397.3s] ...probe: projected total = 271.6 ac (target 500.0)
2026-04-28 20:50:46 | INFO | goshawk_threshold_zone |   [399.9s] ...MOD pick #41: oid=19634 +2.8 ac
2026-04-28 20:50:51 | INFO | goshawk_threshold_zone |   [405.2s] ...MOD pick #44: oid=24175 +0.9 ac
2026-04-28 20:50:54 | INFO | goshawk_threshold_zone |   [407.8s] ...MOD pick #45: oid=20251 +1.4 ac
2026-04-28 20:50:57 | INFO | goshawk_threshold_zone |   [411.0s] ...probe: projected total = 291.7 ac (target 500.0)
2026-04-28 20:51:00 | INFO | goshawk_threshold_zone |   [413.8s] ...MOD pick #46: oid=20237 +0.8 ac
2026-04-28 20:51:03 | INFO | goshawk_threshold_zone |   [416.5s] ...MOD pick #47: oid=19633 +1.1 ac
2026-04-28 20:51:06 | INFO | goshawk_threshold_zone |   [419.4s] ...MOD pick #48: oid=19257 +1.5 ac
2026-04-28 20:51:11 | INFO | goshawk_threshold_zone |   [424.5s] ...LOW pick #49: oid=20869 +5.4 ac
2026-04-28 20:51:17 | INFO | goshawk_threshold_zone |   [430.6s] ...LOW pick #50: oid=19389 +0.7 ac
2026-04-28 20:51:21 | INFO | goshawk_threshold_zone |   [435.2s] ...probe: projected total = 305.9 ac (target 500.0)
2026-04-28 20:51:34 | INFO | goshawk_threshold_zone |   [447.8s] ...probe: projected total = 322.9 ac (target 500.0)
2026-04-28 20:51:40 | INFO | goshawk_threshold_zone |   [453.8s] ...MOD pick #57: oid=20334 +0.6 ac
2026-04-28 20:51:44 | INFO | goshawk_threshold_zone |   [458.1s] ...MOD pick #58: oid=20336 +0.6 ac
2026-04-28 20:51:48 | INFO | goshawk_threshold_zone |   [461.5s] ...MOD pick #59: oid=20330 +0.9 ac
2026-04-28 20:51:53 | INFO | goshawk_threshold_zone |   [466.7s] ...probe: projected total = 334.3 ac (target 500.0)
2026-04-28 20:51:57 | INFO | goshawk_threshold_zone |   [470.5s] ...MOD pick #61: oid=20381 +0.6 ac
2026-04-28 20:52:01 | INFO | goshawk_threshold_zone |   [474.5s] ...MOD pick #62: oid=19980 +0.8 ac
2026-04-28 20:52:04 | INFO | goshawk_threshold_zone |   [478.3s] ...MOD pick #63: oid=20325 +0.9 ac
2026-04-28 20:52:08 | INFO | goshawk_threshold_zone |   [482.0s] ...MOD pick #64: oid=24202 +1.5 ac
2026-04-28 20:52:12 | INFO | goshawk_threshold_zone |   [485.7s] ...MOD pick #65: oid=24191 +1.0 ac
2026-04-28 20:52:16 | INFO | goshawk_threshold_zone |   [489.6s] ...probe: projected total = 340.5 ac (target 500.0)
2026-04-28 20:52:20 | INFO | goshawk_threshold_zone |   [493.4s] ...MOD pick #66: oid=21051 +0.5 ac
2026-04-28 20:52:23 | INFO | goshawk_threshold_zone |   [497.1s] ...MOD pick #67: oid=21127 +0.7 ac
2026-04-28 20:52:34 | INFO | goshawk_threshold_zone |   [507.6s] ...probe: projected total = 348.5 ac (target 500.0)
2026-04-28 20:52:38 | INFO | goshawk_threshold_zone |   [511.8s] ...MOD pick #71: oid=24226 +1.1 ac
2026-04-28 20:52:47 | INFO | goshawk_threshold_zone |   [520.9s] ...75 picks | high=86.4 mod=56.4 low=6.1 projected=348.5 / target=500.0
2026-04-28 20:52:52 | INFO | goshawk_threshold_zone |   [525.4s] ...probe: projected total = 359.5 ac (target 500.0)
2026-04-28 20:52:57 | INFO | goshawk_threshold_zone |   [530.6s] ...MOD pick #76: oid=24206 +0.9 ac
2026-04-28 20:53:03 | INFO | goshawk_threshold_zone |   [537.3s] ...MOD pick #78: oid=23136 +1.9 ac
2026-04-28 20:53:08 | INFO | goshawk_threshold_zone |   [541.7s] ...MOD pick #79: oid=24263 +11.1 ac
2026-04-28 20:53:13 | INFO | goshawk_threshold_zone |   [546.5s] ...MOD pick #80: oid=21770 +0.5 ac
2026-04-28 20:53:16 | INFO | goshawk_threshold_zone |   [550.2s] ...probe: projected total = 382.3 ac (target 500.0)
2026-04-28 20:53:20 | INFO | goshawk_threshold_zone |   [554.0s] ...MOD pick #81: oid=24245 +1.0 ac
2026-04-28 20:53:24 | INFO | goshawk_threshold_zone |   [558.1s] ...MOD pick #82: oid=22058 +12.0 ac
2026-04-28 20:53:35 | INFO | goshawk_threshold_zone |   [569.2s] ...probe: projected total = 459.4 ac (target 500.0)
2026-04-28 20:53:51 | INFO | goshawk_threshold_zone |   [584.7s] ...probe: projected total = 474.6 ac (target 500.0)
2026-04-28 20:54:07 | INFO | goshawk_threshold_zone |   [601.2s] ...probe: projected total = 483.6 ac (target 500.0)
2026-04-28 20:54:13 | INFO | goshawk_threshold_zone |   [607.3s] ...MOD pick #96: oid=21761 +0.6 ac
2026-04-28 20:54:18 | INFO | goshawk_threshold_zone |   [611.7s] ...MOD pick #97: oid=22060 +0.7 ac
2026-04-28 20:54:23 | INFO | goshawk_threshold_zone |   [616.6s] ...MOD pick #98: oid=21802 +0.6 ac
2026-04-28 20:54:28 | INFO | goshawk_threshold_zone |   [622.1s] ...MOD pick #99: oid=24212 +0.7 ac
2026-04-28 20:54:33 | INFO | goshawk_threshold_zone |   [627.2s] ...MOD pick #100: oid=22054 +0.6 ac
2026-04-28 20:54:38 | INFO | goshawk_threshold_zone |   [631.5s] ...probe: projected total = 492.4 ac (target 500.0)
2026-04-28 20:54:43 | INFO | goshawk_threshold_zone |   [636.4s] ...MOD pick #101: oid=23157 +0.5 ac
2026-04-28 20:54:48 | INFO | goshawk_threshold_zone |   [641.5s] ...MOD pick #102: oid=21840 +1.7 ac
2026-04-28 20:54:57 | INFO | goshawk_threshold_zone |   [651.2s] ...MOD pick #105: oid=23133 +1.5 ac
2026-04-28 20:55:02 | INFO | goshawk_threshold_zone |   [656.3s] ...probe: projected total = 503.3 ac (target 500.0)
2026-04-28 20:55:02 | INFO | goshawk_threshold_zone |   [656.3s] growth done: 105 picks, finalizing geometry
2026-04-28 20:55:10 | INFO | goshawk_threshold_zone |   Buffer: 125.53 | High(add): 100.70 | Mod(add): 90.80 | Low(add): 6.09 | Filled: 180.21 | Total: 503.32 | 661.0s
2026-04-28 20:55:10 | INFO | goshawk_threshold_zone | [5/5] Nest OID 99
2026-04-28 20:55:11 | INFO | goshawk_threshold_zone |   [  1.1s] buffer ok (125.5 ac, need 374.5 more)
2026-04-28 20:55:20 | INFO | goshawk_threshold_zone |   [ 10.5s] HIGH habitat filtered to within 5 Miles of nest
2026-04-28 20:55:35 | INFO | goshawk_threshold_zone |   [ 25.6s] MOD habitat filtered to within 5 Miles of nest
2026-04-28 20:56:20 | INFO | goshawk_threshold_zone |   [ 70.2s] source veg filtered to within 5 Miles of nest
2026-04-28 20:57:33 | INFO | goshawk_threshold_zone |   [143.7s] LOW derived: 42509 polys kept (excluded 58367 HIGH+MOD UIDs)
2026-04-28 20:59:00 | INFO | goshawk_threshold_zone |   [230.5s] erased buffer from HIGH habitat
2026-04-28 21:00:28 | INFO | goshawk_threshold_zone |   [318.1s] erased buffer from MOD habitat
2026-04-28 21:01:58 | INFO | goshawk_threshold_zone |   [408.7s] erased buffer from LOW habitat
2026-04-28 21:03:30 | INFO | goshawk_threshold_zone |   [500.0s] acres calculated on habitat (planar)
2026-04-28 21:04:15 | INFO | goshawk_threshold_zone |   [545.2s] near-distance computed
2026-04-28 21:04:15 | INFO | goshawk_threshold_zone |   [545.6s] entering growth loop
2026-04-28 21:04:16 | INFO | goshawk_threshold_zone |   [546.2s] ...1 picks | high=13.4 mod=0.0 low=0.0 projected=125.5 / target=500.0
2026-04-28 21:04:20 | INFO | goshawk_threshold_zone |   [550.3s] ...probe: projected total = 155.2 ac (target 500.0)
2026-04-28 21:04:26 | INFO | goshawk_threshold_zone |   [556.4s] ...probe: projected total = 163.8 ac (target 500.0)
2026-04-28 21:04:32 | INFO | goshawk_threshold_zone |   [562.3s] ...probe: projected total = 187.9 ac (target 500.0)
2026-04-28 21:04:35 | INFO | goshawk_threshold_zone |   [565.4s] ...MOD pick #18: oid=53636 +0.5 ac
2026-04-28 21:04:37 | INFO | goshawk_threshold_zone |   [567.0s] ...MOD pick #19: oid=44186 +3.3 ac
2026-04-28 21:04:38 | INFO | goshawk_threshold_zone |   [568.6s] ...MOD pick #20: oid=44183 +1.2 ac
2026-04-28 21:04:41 | INFO | goshawk_threshold_zone |   [571.3s] ...probe: projected total = 191.8 ac (target 500.0)
2026-04-28 21:04:43 | INFO | goshawk_threshold_zone |   [573.0s] ...MOD pick #21: oid=44225 +0.5 ac
2026-04-28 21:04:44 | INFO | goshawk_threshold_zone |   [574.7s] ...MOD pick #22: oid=44512 +0.5 ac
2026-04-28 21:04:46 | INFO | goshawk_threshold_zone |   [576.3s] ...MOD pick #23: oid=44144 +1.6 ac
2026-04-28 21:04:48 | INFO | goshawk_threshold_zone |   [578.4s] ...MOD pick #24: oid=44400 +0.6 ac
2026-04-28 21:04:50 | INFO | goshawk_threshold_zone |   [580.2s] ...MOD pick #25: oid=46361 +0.6 ac
2026-04-28 21:04:53 | INFO | goshawk_threshold_zone |   [582.9s] ...probe: projected total = 199.5 ac (target 500.0)
2026-04-28 21:04:56 | INFO | goshawk_threshold_zone |   [586.2s] ...MOD pick #28: oid=46356 +0.8 ac
2026-04-28 21:04:59 | INFO | goshawk_threshold_zone |   [589.4s] ...MOD pick #30: oid=44539 +0.9 ac
2026-04-28 21:05:02 | INFO | goshawk_threshold_zone |   [592.9s] ...probe: projected total = 208.9 ac (target 500.0)
2026-04-28 21:05:10 | INFO | goshawk_threshold_zone |   [600.2s] ...LOW pick #34: oid=18696 +0.7 ac
2026-04-28 21:05:13 | INFO | goshawk_threshold_zone |   [603.5s] ...LOW pick #35: oid=18907 +1.5 ac
2026-04-28 21:05:16 | INFO | goshawk_threshold_zone |   [606.6s] ...probe: projected total = 215.5 ac (target 500.0)
2026-04-28 21:05:20 | INFO | goshawk_threshold_zone |   [610.5s] ...LOW pick #37: oid=18920 +0.5 ac
2026-04-28 21:05:23 | INFO | goshawk_threshold_zone |   [613.4s] ...LOW pick #38: oid=21901 +0.7 ac
2026-04-28 21:05:26 | INFO | goshawk_threshold_zone |   [616.4s] ...MOD pick #40: oid=33858 +1.3 ac
2026-04-28 21:05:30 | INFO | goshawk_threshold_zone |   [620.2s] ...probe: projected total = 224.2 ac (target 500.0)
2026-04-28 21:05:32 | INFO | goshawk_threshold_zone |   [622.5s] ...MOD pick #41: oid=37679 +1.9 ac
2026-04-28 21:05:35 | INFO | goshawk_threshold_zone |   [625.8s] ...MOD pick #43: oid=36163 +0.5 ac
2026-04-28 21:05:38 | INFO | goshawk_threshold_zone |   [628.5s] ...LOW pick #44: oid=21117 +0.5 ac
2026-04-28 21:05:40 | INFO | goshawk_threshold_zone |   [630.3s] ...MOD pick #45: oid=36166 +0.9 ac
2026-04-28 21:05:43 | INFO | goshawk_threshold_zone |   [633.0s] ...probe: projected total = 232.3 ac (target 500.0)
2026-04-28 21:05:45 | INFO | goshawk_threshold_zone |   [635.1s] ...MOD pick #46: oid=36181 +1.7 ac
2026-04-28 21:05:49 | INFO | goshawk_threshold_zone |   [639.3s] ...MOD pick #49: oid=36172 +0.6 ac
2026-04-28 21:05:51 | INFO | goshawk_threshold_zone |   [641.3s] ...MOD pick #50: oid=35557 +5.1 ac
2026-04-28 21:05:54 | INFO | goshawk_threshold_zone |   [643.9s] ...probe: projected total = 247.1 ac (target 500.0)
2026-04-28 21:05:56 | INFO | goshawk_threshold_zone |   [646.7s] ...MOD pick #52: oid=36190 +2.0 ac
2026-04-28 21:05:58 | INFO | goshawk_threshold_zone |   [648.7s] ...MOD pick #53: oid=36182 +0.8 ac
2026-04-28 21:06:00 | INFO | goshawk_threshold_zone |   [650.7s] ...MOD pick #54: oid=36210 +5.5 ac
2026-04-28 21:06:02 | INFO | goshawk_threshold_zone |   [652.6s] ...MOD pick #55: oid=35974 +0.7 ac
2026-04-28 21:06:05 | INFO | goshawk_threshold_zone |   [655.0s] ...probe: projected total = 261.4 ac (target 500.0)
2026-04-28 21:06:07 | INFO | goshawk_threshold_zone |   [657.5s] ...MOD pick #56: oid=35990 +3.1 ac
2026-04-28 21:06:10 | INFO | goshawk_threshold_zone |   [660.0s] ...MOD pick #57: oid=35558 +0.5 ac
2026-04-28 21:06:12 | INFO | goshawk_threshold_zone |   [662.5s] ...MOD pick #58: oid=35538 +0.7 ac
2026-04-28 21:06:15 | INFO | goshawk_threshold_zone |   [664.9s] ...MOD pick #59: oid=35539 +0.6 ac
2026-04-28 21:06:17 | INFO | goshawk_threshold_zone |   [667.4s] ...MOD pick #60: oid=35560 +0.6 ac
2026-04-28 21:06:20 | INFO | goshawk_threshold_zone |   [670.6s] ...probe: projected total = 272.0 ac (target 500.0)
2026-04-28 21:06:23 | INFO | goshawk_threshold_zone |   [673.3s] ...MOD pick #61: oid=36018 +0.5 ac
2026-04-28 21:06:27 | INFO | goshawk_threshold_zone |   [677.1s] ...LOW pick #62: oid=21095 +0.6 ac
2026-04-28 21:06:31 | INFO | goshawk_threshold_zone |   [681.1s] ...LOW pick #63: oid=28079 +0.6 ac
2026-04-28 21:06:33 | INFO | goshawk_threshold_zone |   [683.7s] ...MOD pick #64: oid=36199 +1.4 ac
2026-04-28 21:06:37 | INFO | goshawk_threshold_zone |   [687.8s] ...LOW pick #65: oid=21900 +0.6 ac
2026-04-28 21:06:41 | INFO | goshawk_threshold_zone |   [691.0s] ...probe: projected total = 280.6 ac (target 500.0)
2026-04-28 21:06:43 | INFO | goshawk_threshold_zone |   [693.8s] ...MOD pick #66: oid=37673 +2.0 ac
2026-04-28 21:06:46 | INFO | goshawk_threshold_zone |   [696.6s] ...MOD pick #67: oid=37653 +3.0 ac
2026-04-28 21:06:49 | INFO | goshawk_threshold_zone |   [699.5s] ...MOD pick #68: oid=37553 +1.1 ac
2026-04-28 21:06:52 | INFO | goshawk_threshold_zone |   [702.3s] ...MOD pick #69: oid=34000 +0.6 ac
2026-04-28 21:06:56 | INFO | goshawk_threshold_zone |   [706.7s] ...LOW pick #70: oid=18927 +0.6 ac
2026-04-28 21:07:00 | INFO | goshawk_threshold_zone |   [710.1s] ...probe: projected total = 291.2 ac (target 500.0)
2026-04-28 21:07:03 | INFO | goshawk_threshold_zone |   [713.0s] ...MOD pick #71: oid=34021 +0.8 ac
2026-04-28 21:07:05 | INFO | goshawk_threshold_zone |   [715.8s] ...MOD pick #72: oid=34014 +0.7 ac
2026-04-28 21:07:10 | INFO | goshawk_threshold_zone |   [720.0s] ...75 picks | high=50.8 mod=47.3 low=6.3 projected=291.2 / target=500.0
2026-04-28 21:07:13 | INFO | goshawk_threshold_zone |   [723.4s] ...probe: projected total = 301.1 ac (target 500.0)
2026-04-28 21:07:16 | INFO | goshawk_threshold_zone |   [726.8s] ...MOD pick #76: oid=33845 +0.8 ac
2026-04-28 21:07:20 | INFO | goshawk_threshold_zone |   [730.4s] ...MOD pick #77: oid=33687 +0.6 ac
2026-04-28 21:07:25 | INFO | goshawk_threshold_zone |   [735.1s] ...LOW pick #78: oid=24617 +0.5 ac
2026-04-28 21:07:30 | INFO | goshawk_threshold_zone |   [740.0s] ...LOW pick #79: oid=24540 +1.7 ac
2026-04-28 21:07:35 | INFO | goshawk_threshold_zone |   [745.0s] ...LOW pick #80: oid=24616 +1.2 ac
2026-04-28 21:07:38 | INFO | goshawk_threshold_zone |   [748.8s] ...probe: projected total = 308.0 ac (target 500.0)
2026-04-28 21:07:44 | INFO | goshawk_threshold_zone |   [754.1s] ...LOW pick #81: oid=24539 +1.0 ac
2026-04-28 21:07:49 | INFO | goshawk_threshold_zone |   [759.0s] ...LOW pick #82: oid=24612 +2.2 ac
2026-04-28 21:07:54 | INFO | goshawk_threshold_zone |   [764.0s] ...LOW pick #83: oid=24615 +0.7 ac
2026-04-28 21:07:59 | INFO | goshawk_threshold_zone |   [769.3s] ...LOW pick #84: oid=24522 +0.8 ac
2026-04-28 21:08:05 | INFO | goshawk_threshold_zone |   [775.0s] ...LOW pick #85: oid=24526 +5.5 ac
2026-04-28 21:08:09 | INFO | goshawk_threshold_zone |   [779.4s] ...probe: projected total = 326.1 ac (target 500.0)
2026-04-28 21:08:14 | INFO | goshawk_threshold_zone |   [784.5s] ...LOW pick #86: oid=27958 +0.6 ac
2026-04-28 21:08:19 | INFO | goshawk_threshold_zone |   [789.4s] ...LOW pick #87: oid=18934 +1.2 ac
2026-04-28 21:08:24 | INFO | goshawk_threshold_zone |   [794.7s] ...LOW pick #88: oid=20635 +3.8 ac
2026-04-28 21:08:30 | INFO | goshawk_threshold_zone |   [800.2s] ...LOW pick #89: oid=20302 +0.5 ac
2026-04-28 21:08:34 | INFO | goshawk_threshold_zone |   [803.9s] ...MOD pick #90: oid=37573 +0.7 ac
2026-04-28 21:08:38 | INFO | goshawk_threshold_zone |   [808.0s] ...probe: projected total = 341.4 ac (target 500.0)
2026-04-28 21:08:43 | INFO | goshawk_threshold_zone |   [813.3s] ...LOW pick #91: oid=24619 +1.7 ac
2026-04-28 21:08:49 | INFO | goshawk_threshold_zone |   [819.0s] ...LOW pick #92: oid=21895 +0.6 ac
2026-04-28 21:08:54 | INFO | goshawk_threshold_zone |   [824.3s] ...LOW pick #93: oid=42250 +0.6 ac
2026-04-28 21:08:59 | INFO | goshawk_threshold_zone |   [829.8s] ...LOW pick #94: oid=24534 +0.8 ac
2026-04-28 21:09:05 | INFO | goshawk_threshold_zone |   [835.6s] ...LOW pick #95: oid=24521 +0.7 ac
2026-04-28 21:09:10 | INFO | goshawk_threshold_zone |   [840.3s] ...probe: projected total = 349.5 ac (target 500.0)
2026-04-28 21:09:16 | INFO | goshawk_threshold_zone |   [846.3s] ...LOW pick #96: oid=24609 +0.6 ac
2026-04-28 21:09:21 | INFO | goshawk_threshold_zone |   [851.3s] ...MOD pick #98: oid=44309 +0.8 ac
2026-04-28 21:09:26 | INFO | goshawk_threshold_zone |   [856.5s] ...LOW pick #99: oid=24512 +0.6 ac
2026-04-28 21:09:32 | INFO | goshawk_threshold_zone |   [862.3s] ...LOW pick #100: oid=20303 +1.3 ac
2026-04-28 21:09:36 | INFO | goshawk_threshold_zone |   [866.3s] ...probe: projected total = 357.9 ac (target 500.0)
2026-04-28 21:09:41 | INFO | goshawk_threshold_zone |   [871.1s] ...LOW pick #101: oid=24610 +0.6 ac
2026-04-28 21:09:46 | INFO | goshawk_threshold_zone |   [876.0s] ...LOW pick #102: oid=20959 +0.7 ac
2026-04-28 21:09:49 | INFO | goshawk_threshold_zone |   [879.6s] ...MOD pick #103: oid=36004 +0.5 ac
2026-04-28 21:09:55 | INFO | goshawk_threshold_zone |   [884.9s] ...LOW pick #104: oid=20598 +0.8 ac
2026-04-28 21:09:58 | INFO | goshawk_threshold_zone |   [888.5s] ...MOD pick #105: oid=34582 +0.7 ac
2026-04-28 21:10:02 | INFO | goshawk_threshold_zone |   [892.2s] ...probe: projected total = 362.9 ac (target 500.0)
2026-04-28 21:10:07 | INFO | goshawk_threshold_zone |   [897.5s] ...LOW pick #106: oid=20636 +0.6 ac
2026-04-28 21:10:12 | INFO | goshawk_threshold_zone |   [902.6s] ...LOW pick #107: oid=20304 +0.6 ac
2026-04-28 21:10:18 | INFO | goshawk_threshold_zone |   [908.0s] ...LOW pick #108: oid=21793 +1.4 ac
2026-04-28 21:10:21 | INFO | goshawk_threshold_zone |   [911.7s] ...MOD pick #109: oid=37549 +1.6 ac
2026-04-28 21:10:25 | INFO | goshawk_threshold_zone |   [915.5s] ...MOD pick #110: oid=37545 +0.5 ac
2026-04-28 21:10:29 | INFO | goshawk_threshold_zone |   [919.5s] ...probe: projected total = 373.9 ac (target 500.0)
2026-04-28 21:10:35 | INFO | goshawk_threshold_zone |   [925.6s] ...LOW pick #111: oid=20961 +1.0 ac
2026-04-28 21:10:39 | INFO | goshawk_threshold_zone |   [929.5s] ...MOD pick #112: oid=36036 +2.3 ac
2026-04-28 21:10:43 | INFO | goshawk_threshold_zone |   [933.4s] ...MOD pick #113: oid=35561 +0.8 ac
2026-04-28 21:10:47 | INFO | goshawk_threshold_zone |   [937.5s] ...MOD pick #114: oid=36222 +1.0 ac
2026-04-28 21:10:51 | INFO | goshawk_threshold_zone |   [941.2s] ...MOD pick #115: oid=36048 +0.6 ac
2026-04-28 21:10:55 | INFO | goshawk_threshold_zone |   [945.3s] ...probe: projected total = 387.9 ac (target 500.0)
2026-04-28 21:10:59 | INFO | goshawk_threshold_zone |   [949.3s] ...MOD pick #116: oid=35677 +1.0 ac
2026-04-28 21:11:03 | INFO | goshawk_threshold_zone |   [953.4s] ...MOD pick #117: oid=36054 +1.0 ac
2026-04-28 21:11:10 | INFO | goshawk_threshold_zone |   [960.2s] ...LOW pick #118: oid=20630 +0.9 ac
2026-04-28 21:11:17 | INFO | goshawk_threshold_zone |   [967.7s] ...LOW pick #119: oid=20306 +1.1 ac
2026-04-28 21:11:25 | INFO | goshawk_threshold_zone |   [974.9s] ...LOW pick #120: oid=19979 +0.8 ac
2026-04-28 21:11:30 | INFO | goshawk_threshold_zone |   [980.1s] ...probe: projected total = 395.0 ac (target 500.0)
2026-04-28 21:11:37 | INFO | goshawk_threshold_zone |   [987.2s] ...LOW pick #121: oid=21794 +0.6 ac
2026-04-28 21:11:44 | INFO | goshawk_threshold_zone |   [994.8s] ...LOW pick #122: oid=20629 +3.1 ac
2026-04-28 21:11:49 | INFO | goshawk_threshold_zone |   [999.5s] ...MOD pick #123: oid=34970 +0.5 ac
2026-04-28 21:11:57 | INFO | goshawk_threshold_zone |   [1007.2s] ...LOW pick #124: oid=20021 +2.3 ac
2026-04-28 21:12:02 | INFO | goshawk_threshold_zone |   [1012.7s] ...MOD pick #125: oid=34590 +0.6 ac
2026-04-28 21:12:08 | INFO | goshawk_threshold_zone |   [1017.9s] ...probe: projected total = 405.6 ac (target 500.0)
2026-04-28 21:12:14 | INFO | goshawk_threshold_zone |   [1024.2s] ...LOW pick #126: oid=20968 +1.4 ac
2026-04-28 21:12:18 | INFO | goshawk_threshold_zone |   [1028.2s] ...MOD pick #127: oid=36019 +0.9 ac
2026-04-28 21:12:22 | INFO | goshawk_threshold_zone |   [1032.6s] ...MOD pick #128: oid=37581 +0.8 ac
2026-04-28 21:12:27 | INFO | goshawk_threshold_zone |   [1037.3s] ...MOD pick #129: oid=37592 +0.8 ac
2026-04-28 21:12:31 | INFO | goshawk_threshold_zone |   [1041.8s] ...MOD pick #130: oid=36042 +0.5 ac
2026-04-28 21:12:36 | INFO | goshawk_threshold_zone |   [1046.8s] ...probe: projected total = 417.7 ac (target 500.0)
2026-04-28 21:12:43 | INFO | goshawk_threshold_zone |   [1053.0s] ...LOW pick #131: oid=20964 +0.8 ac
2026-04-28 21:12:49 | INFO | goshawk_threshold_zone |   [1059.2s] ...LOW pick #132: oid=20475 +0.9 ac
2026-04-28 21:12:55 | INFO | goshawk_threshold_zone |   [1065.4s] ...LOW pick #133: oid=20603 +1.4 ac
2026-04-28 21:13:01 | INFO | goshawk_threshold_zone |   [1071.8s] ...LOW pick #134: oid=20273 +1.2 ac
2026-04-28 21:13:08 | INFO | goshawk_threshold_zone |   [1078.3s] ...LOW pick #135: oid=20601 +1.2 ac
2026-04-28 21:13:12 | INFO | goshawk_threshold_zone |   [1082.4s] ...probe: projected total = 447.9 ac (target 500.0)
2026-04-28 21:13:18 | INFO | goshawk_threshold_zone |   [1088.7s] ...LOW pick #136: oid=20646 +1.5 ac
2026-04-28 21:13:25 | INFO | goshawk_threshold_zone |   [1094.9s] ...LOW pick #137: oid=20662 +0.5 ac
2026-04-28 21:13:31 | INFO | goshawk_threshold_zone |   [1101.2s] ...LOW pick #138: oid=20746 +0.6 ac
2026-04-28 21:13:36 | INFO | goshawk_threshold_zone |   [1106.5s] ...MOD pick #140: oid=35063 +0.7 ac
2026-04-28 21:13:40 | INFO | goshawk_threshold_zone |   [1110.4s] ...probe: projected total = 459.7 ac (target 500.0)
2026-04-28 21:13:44 | INFO | goshawk_threshold_zone |   [1114.2s] ...MOD pick #141: oid=35071 +0.6 ac
2026-04-28 21:13:48 | INFO | goshawk_threshold_zone |   [1118.2s] ...MOD pick #142: oid=34572 +0.5 ac
2026-04-28 21:13:55 | INFO | goshawk_threshold_zone |   [1125.0s] ...LOW pick #143: oid=20656 +0.6 ac
2026-04-28 21:14:02 | INFO | goshawk_threshold_zone |   [1131.9s] ...LOW pick #144: oid=20971 +2.4 ac
2026-04-28 21:14:06 | INFO | goshawk_threshold_zone |   [1136.2s] ...MOD pick #145: oid=36096 +1.6 ac
2026-04-28 21:14:11 | INFO | goshawk_threshold_zone |   [1141.3s] ...probe: projected total = 471.6 ac (target 500.0)
2026-04-28 21:14:16 | INFO | goshawk_threshold_zone |   [1146.1s] ...MOD pick #146: oid=35751 +0.8 ac
2026-04-28 21:14:20 | INFO | goshawk_threshold_zone |   [1150.7s] ...MOD pick #147: oid=35779 +0.9 ac
2026-04-28 21:14:25 | INFO | goshawk_threshold_zone |   [1155.3s] ...MOD pick #148: oid=36093 +0.7 ac
2026-04-28 21:14:29 | INFO | goshawk_threshold_zone |   [1159.8s] ...MOD pick #149: oid=36102 +0.6 ac
2026-04-28 21:14:34 | INFO | goshawk_threshold_zone |   [1164.3s] ...MOD pick #150: oid=36103 +0.7 ac
2026-04-28 21:14:39 | INFO | goshawk_threshold_zone |   [1169.0s] ...probe: projected total = 478.2 ac (target 500.0)
2026-04-28 21:14:43 | INFO | goshawk_threshold_zone |   [1173.4s] ...MOD pick #151: oid=36107 +0.6 ac
2026-04-28 21:14:48 | INFO | goshawk_threshold_zone |   [1178.0s] ...MOD pick #152: oid=36115 +1.7 ac
2026-04-28 21:14:55 | INFO | goshawk_threshold_zone |   [1185.5s] ...LOW pick #153: oid=20664 +1.0 ac
2026-04-28 21:15:03 | INFO | goshawk_threshold_zone |   [1193.3s] ...LOW pick #154: oid=21796 +2.9 ac
2026-04-28 21:15:11 | INFO | goshawk_threshold_zone |   [1201.2s] ...LOW pick #155: oid=20733 +0.7 ac
2026-04-28 21:15:16 | INFO | goshawk_threshold_zone |   [1206.1s] ...probe: projected total = 491.3 ac (target 500.0)
2026-04-28 21:15:21 | INFO | goshawk_threshold_zone |   [1211.2s] ...MOD pick #156: oid=35010 +0.7 ac
2026-04-28 21:15:29 | INFO | goshawk_threshold_zone |   [1219.1s] ...LOW pick #157: oid=20972 +1.6 ac
2026-04-28 21:15:37 | INFO | goshawk_threshold_zone |   [1226.9s] ...LOW pick #158: oid=19980 +1.3 ac
2026-04-28 21:15:45 | INFO | goshawk_threshold_zone |   [1235.1s] ...LOW pick #159: oid=19820 +1.5 ac
2026-04-28 21:15:53 | INFO | goshawk_threshold_zone |   [1243.0s] ...LOW pick #160: oid=20911 +0.5 ac
2026-04-28 21:15:57 | INFO | goshawk_threshold_zone |   [1247.5s] ...probe: projected total = 507.0 ac (target 500.0)
2026-04-28 21:15:57 | INFO | goshawk_threshold_zone |   [1247.5s] growth done: 160 picks, finalizing geometry
2026-04-28 21:16:04 | INFO | goshawk_threshold_zone |   Buffer: 125.54 | High(add): 52.76 | Mod(add): 74.56 | Low(add): 69.08 | Filled: 185.05 | Total: 507.00 | 1251.6s
2026-04-28 21:16:04 | INFO | goshawk_threshold_zone | ============================================================
2026-04-28 21:16:04 | INFO | goshawk_threshold_zone | Done. Output: C:\GIS\Goshawk_Threshold_Zone.gdb\TRPA_Goshawk_Threshold_Zone_TEST_FIXES
2026-04-28 21:16:04 | INFO | goshawk_threshold_zone | Nests processed: 5 | failures: 0 | short of target: 2 | elapsed: 3601.1s
2026-04-28 21:16:04 | INFO | goshawk_threshold_zone | Short OIDs: [6, 75]
2026-04-28 21:16:04 | INFO | goshawk_threshold_zone | in_memory cleared
